-------------------------------------------------------------------------------
>Log Session: Friday, May 4, 2018 12:22:06 AM CEST
>System Info: 
  Product Version         = NetBeansLab1 201609300101
  Operating System        = Mac OS X version 10.12.6 running on x86_64
  Java; VM; Vendor        = 1.8.0_161; Java HotSpot(TM) 64-Bit Server VM 25.161-b12; Oracle Corporation
  Runtime                 = Java(TM) SE Runtime Environment 1.8.0_161-b12
  Java Home               = /Library/Java/JavaVirtualMachines/jdk1.8.0_161.jdk/Contents/Home/jre
  System Locale; Encoding = da_DK (netbeanslab1); UTF-8
  Home Directory          = /Users/pershapakdast
  Current Directory       = /Users/pershapakdast/NetBeansProjects/KBS-Labs/Week_16/NetBeansLab1/application
  User Directory          = /Users/pershapakdast/NetBeansProjects/KBS-Labs/Week_16/NetBeansLab1/application/target/userdir
  Cache Directory         = /Users/pershapakdast/NetBeansProjects/KBS-Labs/Week_16/NetBeansLab1/application/target/userdir/var/cache
  Installation            = /Users/pershapakdast/NetBeansProjects/KBS-Labs/Week_16/NetBeansLab1/application/target/netbeanslab1/bin
                            /Users/pershapakdast/NetBeansProjects/KBS-Labs/Week_16/NetBeansLab1/application/target/netbeanslab1/etc
                            /Users/pershapakdast/NetBeansProjects/KBS-Labs/Week_16/NetBeansLab1/application/target/netbeanslab1/netbeanslab1
                            /Users/pershapakdast/NetBeansProjects/KBS-Labs/Week_16/NetBeansLab1/application/target/netbeanslab1/platform
                            /Users/pershapakdast/NetBeansProjects/KBS-Labs/Week_16/NetBeansLab1/application/target/netbeanslab1/platform
  Boot & Ext. Classpath   = /Library/Java/JavaVirtualMachines/jdk1.8.0_161.jdk/Contents/Home/jre/lib/resources.jar:/Library/Java/JavaVirtualMachines/jdk1.8.0_161.jdk/Contents/Home/jre/lib/rt.jar:/Library/Java/JavaVirtualMachines/jdk1.8.0_161.jdk/Contents/Home/jre/lib/sunrsasign.jar:/Library/Java/JavaVirtualMachines/jdk1.8.0_161.jdk/Contents/Home/jre/lib/jsse.jar:/Library/Java/JavaVirtualMachines/jdk1.8.0_161.jdk/Contents/Home/jre/lib/jce.jar:/Library/Java/JavaVirtualMachines/jdk1.8.0_161.jdk/Contents/Home/jre/lib/charsets.jar:/Library/Java/JavaVirtualMachines/jdk1.8.0_161.jdk/Contents/Home/jre/lib/jfr.jar:/Library/Java/JavaVirtualMachines/jdk1.8.0_161.jdk/Contents/Home/jre/classes:/Library/Java/JavaVirtualMachines/jdk1.8.0_161.jdk/Contents/Home/jre/lib/ext/cldrdata.jar:/Library/Java/JavaVirtualMachines/jdk1.8.0_161.jdk/Contents/Home/jre/lib/ext/dnsns.jar:/Library/Java/JavaVirtualMachines/jdk1.8.0_161.jdk/Contents/Home/jre/lib/ext/jaccess.jar:/Library/Java/JavaVirtualMachines/jdk1.8.0_161.jdk/Contents/Home/jre/lib/ext/jfxrt.jar:/Library/Java/JavaVirtualMachines/jdk1.8.0_161.jdk/Contents/Home/jre/lib/ext/localedata.jar:/Library/Java/JavaVirtualMachines/jdk1.8.0_161.jdk/Contents/Home/jre/lib/ext/nashorn.jar:/Library/Java/JavaVirtualMachines/jdk1.8.0_161.jdk/Contents/Home/jre/lib/ext/sunec.jar:/Library/Java/JavaVirtualMachines/jdk1.8.0_161.jdk/Contents/Home/jre/lib/ext/sunjce_provider.jar:/Library/Java/JavaVirtualMachines/jdk1.8.0_161.jdk/Contents/Home/jre/lib/ext/sunpkcs11.jar:/Library/Java/JavaVirtualMachines/jdk1.8.0_161.jdk/Contents/Home/jre/lib/ext/zipfs.jar:/System/Library/Java/Extensions/MRJToolkit.jar
  Application Classpath   = /Users/pershapakdast/NetBeansProjects/KBS-Labs/Week_16/NetBeansLab1/application/target/netbeanslab1/platform/lib/boot.jar:/Users/pershapakdast/NetBeansProjects/KBS-Labs/Week_16/NetBeansLab1/application/target/netbeanslab1/platform/lib/org-openide-modules.jar:/Users/pershapakdast/NetBeansProjects/KBS-Labs/Week_16/NetBeansLab1/application/target/netbeanslab1/platform/lib/org-openide-util-lookup.jar:/Users/pershapakdast/NetBeansProjects/KBS-Labs/Week_16/NetBeansLab1/application/target/netbeanslab1/platform/lib/org-openide-util-ui.jar:/Users/pershapakdast/NetBeansProjects/KBS-Labs/Week_16/NetBeansLab1/application/target/netbeanslab1/platform/lib/org-openide-util.jar:/Users/pershapakdast/NetBeansProjects/KBS-Labs/Week_16/NetBeansLab1/application/target/netbeanslab1/platform/lib/locale/boot_ja.jar:/Users/pershapakdast/NetBeansProjects/KBS-Labs/Week_16/NetBeansLab1/application/target/netbeanslab1/platform/lib/locale/boot_pt_BR.jar:/Users/pershapakdast/NetBeansProjects/KBS-Labs/Week_16/NetBeansLab1/application/target/netbeanslab1/platform/lib/locale/boot_ru.jar:/Users/pershapakdast/NetBeansProjects/KBS-Labs/Week_16/NetBeansLab1/application/target/netbeanslab1/platform/lib/locale/boot_zh_CN.jar:/Users/pershapakdast/NetBeansProjects/KBS-Labs/Week_16/NetBeansLab1/application/target/netbeanslab1/platform/lib/locale/org-openide-modules_ja.jar:/Users/pershapakdast/NetBeansProjects/KBS-Labs/Week_16/NetBeansLab1/application/target/netbeanslab1/platform/lib/locale/org-openide-modules_pt_BR.jar:/Users/pershapakdast/NetBeansProjects/KBS-Labs/Week_16/NetBeansLab1/application/target/netbeanslab1/platform/lib/locale/org-openide-modules_ru.jar:/Users/pershapakdast/NetBeansProjects/KBS-Labs/Week_16/NetBeansLab1/application/target/netbeanslab1/platform/lib/locale/org-openide-modules_zh_CN.jar:/Users/pershapakdast/NetBeansProjects/KBS-Labs/Week_16/NetBeansLab1/application/target/netbeanslab1/platform/lib/locale/org-openide-util-lookup_ja.jar:/Users/pershapakdast/NetBeansProjects/KBS-Labs/Week_16/NetBeansLab1/application/target/netbeanslab1/platform/lib/locale/org-openide-util-lookup_pt_BR.jar:/Users/pershapakdast/NetBeansProjects/KBS-Labs/Week_16/NetBeansLab1/application/target/netbeanslab1/platform/lib/locale/org-openide-util-lookup_ru.jar:/Users/pershapakdast/NetBeansProjects/KBS-Labs/Week_16/NetBeansLab1/application/target/netbeanslab1/platform/lib/locale/org-openide-util-lookup_zh_CN.jar:/Users/pershapakdast/NetBeansProjects/KBS-Labs/Week_16/NetBeansLab1/application/target/netbeanslab1/platform/lib/locale/org-openide-util-ui_ja.jar:/Users/pershapakdast/NetBeansProjects/KBS-Labs/Week_16/NetBeansLab1/application/target/netbeanslab1/platform/lib/locale/org-openide-util-ui_pt_BR.jar:/Users/pershapakdast/NetBeansProjects/KBS-Labs/Week_16/NetBeansLab1/application/target/netbeanslab1/platform/lib/locale/org-openide-util-ui_ru.jar:/Users/pershapakdast/NetBeansProjects/KBS-Labs/Week_16/NetBeansLab1/application/target/netbeanslab1/platform/lib/locale/org-openide-util-ui_zh_CN.jar:/Users/pershapakdast/NetBeansProjects/KBS-Labs/Week_16/NetBeansLab1/application/target/netbeanslab1/platform/lib/locale/org-openide-util_ja.jar:/Users/pershapakdast/NetBeansProjects/KBS-Labs/Week_16/NetBeansLab1/application/target/netbeanslab1/platform/lib/locale/org-openide-util_pt_BR.jar:/Users/pershapakdast/NetBeansProjects/KBS-Labs/Week_16/NetBeansLab1/application/target/netbeanslab1/platform/lib/locale/org-openide-util_ru.jar:/Users/pershapakdast/NetBeansProjects/KBS-Labs/Week_16/NetBeansLab1/application/target/netbeanslab1/platform/lib/locale/org-openide-util_zh_CN.jar:/Library/Java/JavaVirtualMachines/jdk1.8.0_161.jdk/Contents/Home/lib/dt.jar:/Library/Java/JavaVirtualMachines/jdk1.8.0_161.jdk/Contents/Home/lib/tools.jar
  Startup Classpath       = /Users/pershapakdast/NetBeansProjects/KBS-Labs/Week_16/NetBeansLab1/application/target/netbeanslab1/platform/core/asm-all-5.0.1.jar:/Users/pershapakdast/NetBeansProjects/KBS-Labs/Week_16/NetBeansLab1/application/target/netbeanslab1/platform/core/core-base.jar:/Users/pershapakdast/NetBeansProjects/KBS-Labs/Week_16/NetBeansLab1/application/target/netbeanslab1/platform/core/core.jar:/Users/pershapakdast/NetBeansProjects/KBS-Labs/Week_16/NetBeansLab1/application/target/netbeanslab1/platform/core/org-netbeans-libs-asm.jar:/Users/pershapakdast/NetBeansProjects/KBS-Labs/Week_16/NetBeansLab1/application/target/netbeanslab1/platform/core/org-openide-filesystems.jar:/Users/pershapakdast/NetBeansProjects/KBS-Labs/Week_16/NetBeansLab1/application/target/netbeanslab1/platform/core/locale/core-base_ja.jar:/Users/pershapakdast/NetBeansProjects/KBS-Labs/Week_16/NetBeansLab1/application/target/netbeanslab1/platform/core/locale/core-base_pt_BR.jar:/Users/pershapakdast/NetBeansProjects/KBS-Labs/Week_16/NetBeansLab1/application/target/netbeanslab1/platform/core/locale/core-base_ru.jar:/Users/pershapakdast/NetBeansProjects/KBS-Labs/Week_16/NetBeansLab1/application/target/netbeanslab1/platform/core/locale/core-base_zh_CN.jar:/Users/pershapakdast/NetBeansProjects/KBS-Labs/Week_16/NetBeansLab1/application/target/netbeanslab1/platform/core/locale/core_ja.jar:/Users/pershapakdast/NetBeansProjects/KBS-Labs/Week_16/NetBeansLab1/application/target/netbeanslab1/platform/core/locale/core_pt_BR.jar:/Users/pershapakdast/NetBeansProjects/KBS-Labs/Week_16/NetBeansLab1/application/target/netbeanslab1/platform/core/locale/core_ru.jar:/Users/pershapakdast/NetBeansProjects/KBS-Labs/Week_16/NetBeansLab1/application/target/netbeanslab1/platform/core/locale/core_zh_CN.jar:/Users/pershapakdast/NetBeansProjects/KBS-Labs/Week_16/NetBeansLab1/application/target/netbeanslab1/platform/core/locale/org-netbeans-libs-asm_ja.jar:/Users/pershapakdast/NetBeansProjects/KBS-Labs/Week_16/NetBeansLab1/application/target/netbeanslab1/platform/core/locale/org-netbeans-libs-asm_pt_BR.jar:/Users/pershapakdast/NetBeansProjects/KBS-Labs/Week_16/NetBeansLab1/application/target/netbeanslab1/platform/core/locale/org-netbeans-libs-asm_ru.jar:/Users/pershapakdast/NetBeansProjects/KBS-Labs/Week_16/NetBeansLab1/application/target/netbeanslab1/platform/core/locale/org-netbeans-libs-asm_zh_CN.jar:/Users/pershapakdast/NetBeansProjects/KBS-Labs/Week_16/NetBeansLab1/application/target/netbeanslab1/platform/core/locale/org-openide-filesystems_ja.jar:/Users/pershapakdast/NetBeansProjects/KBS-Labs/Week_16/NetBeansLab1/application/target/netbeanslab1/platform/core/locale/org-openide-filesystems_pt_BR.jar:/Users/pershapakdast/NetBeansProjects/KBS-Labs/Week_16/NetBeansLab1/application/target/netbeanslab1/platform/core/locale/org-openide-filesystems_ru.jar:/Users/pershapakdast/NetBeansProjects/KBS-Labs/Week_16/NetBeansLab1/application/target/netbeanslab1/platform/core/locale/org-openide-filesystems_zh_CN.jar:/Users/pershapakdast/NetBeansProjects/KBS-Labs/Week_16/NetBeansLab1/application/target/netbeanslab1/netbeanslab1/core/locale/core_netbeanslab1.jar
-------------------------------------------------------------------------------
INFO [org.netbeans.core.startup.NbEvents]: Module patch or custom extension: /Users/pershapakdast/NetBeansProjects/KBS-Labs/Week_16/NetBeansLab1/Player/target/classes
INFO [org.netbeans.core.startup.NbEvents]: Module patch or custom extension: /Users/pershapakdast/NetBeansProjects/KBS-Labs/Week_16/NetBeansLab1/Enemy/target/classes
INFO [org.netbeans.core.startup.NbEvents]: Module patch or custom extension: /Users/pershapakdast/NetBeansProjects/KBS-Labs/Week_16/NetBeansLab1/Core/target/classes
INFO [org.springframework.context.support.ClassPathXmlApplicationContext]: Refreshing org.springframework.context.support.ClassPathXmlApplicationContext@4ace8145: startup date [Fri May 04 00:22:06 CEST 2018]; root of context hierarchy
INFO [org.springframework.beans.factory.xml.XmlBeanDefinitionReader]: Loading XML bean definitions from class path resource [playerBeans.xml]
INFO [org.springframework.beans.factory.xml.XmlBeanDefinitionReader]: Loading XML bean definitions from class path resource [enemyBeans.xml]
INFO [org.netbeans.core.startup.NbEvents]: Turning on modules:
	org.openide.util.lookup [8.33.1 201609300101]
	org.openide.util [9.7.1 201609300101]
	org.openide.util.ui [9.6.1 201609300101]
	org.openide.modules [7.48.1 201609300101]
	org.openide.filesystems [9.10.1 201609300101]
	org.netbeans.libs.asm [5.3.1 201609300101]
	org.netbeans.core.startup.base [1.62.1.1 1 201609300101]
	org.netbeans.bootstrap/1 [2.76.1 201609300101]
	org.netbeans.core.startup/1 [1.62.1.1 201609300101]
	org.netbeans.api.annotations.common/1 [1.27.1 201609300101]
	dk.sdu.mmmi.cbse.Common [1.0.1 1.0.1-20180409 201804092053]
	netbeanslab1.Player [1.0.1 1.0.1-20180503 201805032221]
	netbeanslab1.NetBeansLab1.branding [1.0.1 1.0.1-20180503 201805032221]
	netbeanslab1.Enemy [1.0.1 1.0.1-20180503 201805032221]
	netbeanslab1.Core [1.0.1 1.0.1-20180503 201805032221]
	netbeanslab1.Common [1.0.1 1.0.1-20180503 201805032221]
