-------------------------------------------------------------------------------
>Log Session: Thursday, April 5, 2018 11:08:21 AM CEST
>System Info: 
  Product Version         = NetBeans Platform 8.2 (Build 201609300101)
  Operating System        = Mac OS X version 10.12.6 running on x86_64
  Java; VM; Vendor        = 1.8.0_161; Java HotSpot(TM) 64-Bit Server VM 25.161-b12; Oracle Corporation
  Runtime                 = Java(TM) SE Runtime Environment 1.8.0_161-b12
  Java Home               = /Library/Java/JavaVirtualMachines/jdk1.8.0_161.jdk/Contents/Home/jre
  System Locale; Encoding = da_DK (netbeanslab1); UTF-8
  Home Directory          = /Users/pershapakdast
  Current Directory       = /Users/pershapakdast/Documents/NetBeansProjects/NetBeansLab1/application
  User Directory          = /Users/pershapakdast/Documents/NetBeansProjects/NetBeansLab1/application/target/userdir
  Cache Directory         = /Users/pershapakdast/Documents/NetBeansProjects/NetBeansLab1/application/target/userdir/var/cache
  Installation            = /Users/pershapakdast/Documents/NetBeansProjects/NetBeansLab1/application/target/netbeanslab1/bin
                            /Users/pershapakdast/Documents/NetBeansProjects/NetBeansLab1/application/target/netbeanslab1/etc
                            /Users/pershapakdast/Documents/NetBeansProjects/NetBeansLab1/application/target/netbeanslab1/netbeanslab1
                            /Users/pershapakdast/Documents/NetBeansProjects/NetBeansLab1/application/target/netbeanslab1/platform
                            /Users/pershapakdast/Documents/NetBeansProjects/NetBeansLab1/application/target/netbeanslab1/platform
  Boot & Ext. Classpath   = /Library/Java/JavaVirtualMachines/jdk1.8.0_161.jdk/Contents/Home/jre/lib/resources.jar:/Library/Java/JavaVirtualMachines/jdk1.8.0_161.jdk/Contents/Home/jre/lib/rt.jar:/Library/Java/JavaVirtualMachines/jdk1.8.0_161.jdk/Contents/Home/jre/lib/sunrsasign.jar:/Library/Java/JavaVirtualMachines/jdk1.8.0_161.jdk/Contents/Home/jre/lib/jsse.jar:/Library/Java/JavaVirtualMachines/jdk1.8.0_161.jdk/Contents/Home/jre/lib/jce.jar:/Library/Java/JavaVirtualMachines/jdk1.8.0_161.jdk/Contents/Home/jre/lib/charsets.jar:/Library/Java/JavaVirtualMachines/jdk1.8.0_161.jdk/Contents/Home/jre/lib/jfr.jar:/Library/Java/JavaVirtualMachines/jdk1.8.0_161.jdk/Contents/Home/jre/classes:/Library/Java/JavaVirtualMachines/jdk1.8.0_161.jdk/Contents/Home/jre/lib/ext/cldrdata.jar:/Library/Java/JavaVirtualMachines/jdk1.8.0_161.jdk/Contents/Home/jre/lib/ext/dnsns.jar:/Library/Java/JavaVirtualMachines/jdk1.8.0_161.jdk/Contents/Home/jre/lib/ext/jaccess.jar:/Library/Java/JavaVirtualMachines/jdk1.8.0_161.jdk/Contents/Home/jre/lib/ext/jfxrt.jar:/Library/Java/JavaVirtualMachines/jdk1.8.0_161.jdk/Contents/Home/jre/lib/ext/localedata.jar:/Library/Java/JavaVirtualMachines/jdk1.8.0_161.jdk/Contents/Home/jre/lib/ext/nashorn.jar:/Library/Java/JavaVirtualMachines/jdk1.8.0_161.jdk/Contents/Home/jre/lib/ext/sunec.jar:/Library/Java/JavaVirtualMachines/jdk1.8.0_161.jdk/Contents/Home/jre/lib/ext/sunjce_provider.jar:/Library/Java/JavaVirtualMachines/jdk1.8.0_161.jdk/Contents/Home/jre/lib/ext/sunpkcs11.jar:/Library/Java/JavaVirtualMachines/jdk1.8.0_161.jdk/Contents/Home/jre/lib/ext/zipfs.jar:/System/Library/Java/Extensions/MRJToolkit.jar
  Application Classpath   = /Users/pershapakdast/Documents/NetBeansProjects/NetBeansLab1/application/target/netbeanslab1/platform/lib/boot.jar:/Users/pershapakdast/Documents/NetBeansProjects/NetBeansLab1/application/target/netbeanslab1/platform/lib/org-openide-modules.jar:/Users/pershapakdast/Documents/NetBeansProjects/NetBeansLab1/application/target/netbeanslab1/platform/lib/org-openide-util-lookup.jar:/Users/pershapakdast/Documents/NetBeansProjects/NetBeansLab1/application/target/netbeanslab1/platform/lib/org-openide-util-ui.jar:/Users/pershapakdast/Documents/NetBeansProjects/NetBeansLab1/application/target/netbeanslab1/platform/lib/org-openide-util.jar:/Users/pershapakdast/Documents/NetBeansProjects/NetBeansLab1/application/target/netbeanslab1/platform/lib/locale/boot_ja.jar:/Users/pershapakdast/Documents/NetBeansProjects/NetBeansLab1/application/target/netbeanslab1/platform/lib/locale/boot_pt_BR.jar:/Users/pershapakdast/Documents/NetBeansProjects/NetBeansLab1/application/target/netbeanslab1/platform/lib/locale/boot_ru.jar:/Users/pershapakdast/Documents/NetBeansProjects/NetBeansLab1/application/target/netbeanslab1/platform/lib/locale/boot_zh_CN.jar:/Users/pershapakdast/Documents/NetBeansProjects/NetBeansLab1/application/target/netbeanslab1/platform/lib/locale/org-openide-modules_ja.jar:/Users/pershapakdast/Documents/NetBeansProjects/NetBeansLab1/application/target/netbeanslab1/platform/lib/locale/org-openide-modules_pt_BR.jar:/Users/pershapakdast/Documents/NetBeansProjects/NetBeansLab1/application/target/netbeanslab1/platform/lib/locale/org-openide-modules_ru.jar:/Users/pershapakdast/Documents/NetBeansProjects/NetBeansLab1/application/target/netbeanslab1/platform/lib/locale/org-openide-modules_zh_CN.jar:/Users/pershapakdast/Documents/NetBeansProjects/NetBeansLab1/application/target/netbeanslab1/platform/lib/locale/org-openide-util-lookup_ja.jar:/Users/pershapakdast/Documents/NetBeansProjects/NetBeansLab1/application/target/netbeanslab1/platform/lib/locale/org-openide-util-lookup_pt_BR.jar:/Users/pershapakdast/Documents/NetBeansProjects/NetBeansLab1/application/target/netbeanslab1/platform/lib/locale/org-openide-util-lookup_ru.jar:/Users/pershapakdast/Documents/NetBeansProjects/NetBeansLab1/application/target/netbeanslab1/platform/lib/locale/org-openide-util-lookup_zh_CN.jar:/Users/pershapakdast/Documents/NetBeansProjects/NetBeansLab1/application/target/netbeanslab1/platform/lib/locale/org-openide-util-ui_ja.jar:/Users/pershapakdast/Documents/NetBeansProjects/NetBeansLab1/application/target/netbeanslab1/platform/lib/locale/org-openide-util-ui_pt_BR.jar:/Users/pershapakdast/Documents/NetBeansProjects/NetBeansLab1/application/target/netbeanslab1/platform/lib/locale/org-openide-util-ui_ru.jar:/Users/pershapakdast/Documents/NetBeansProjects/NetBeansLab1/application/target/netbeanslab1/platform/lib/locale/org-openide-util-ui_zh_CN.jar:/Users/pershapakdast/Documents/NetBeansProjects/NetBeansLab1/application/target/netbeanslab1/platform/lib/locale/org-openide-util_ja.jar:/Users/pershapakdast/Documents/NetBeansProjects/NetBeansLab1/application/target/netbeanslab1/platform/lib/locale/org-openide-util_pt_BR.jar:/Users/pershapakdast/Documents/NetBeansProjects/NetBeansLab1/application/target/netbeanslab1/platform/lib/locale/org-openide-util_ru.jar:/Users/pershapakdast/Documents/NetBeansProjects/NetBeansLab1/application/target/netbeanslab1/platform/lib/locale/org-openide-util_zh_CN.jar:/Library/Java/JavaVirtualMachines/jdk1.8.0_161.jdk/Contents/Home/lib/dt.jar:/Library/Java/JavaVirtualMachines/jdk1.8.0_161.jdk/Contents/Home/lib/tools.jar
  Startup Classpath       = /Users/pershapakdast/Documents/NetBeansProjects/NetBeansLab1/application/target/netbeanslab1/platform/core/asm-all-5.0.1.jar:/Users/pershapakdast/Documents/NetBeansProjects/NetBeansLab1/application/target/netbeanslab1/platform/core/core-base.jar:/Users/pershapakdast/Documents/NetBeansProjects/NetBeansLab1/application/target/netbeanslab1/platform/core/core.jar:/Users/pershapakdast/Documents/NetBeansProjects/NetBeansLab1/application/target/netbeanslab1/platform/core/org-netbeans-libs-asm.jar:/Users/pershapakdast/Documents/NetBeansProjects/NetBeansLab1/application/target/netbeanslab1/platform/core/org-openide-filesystems.jar:/Users/pershapakdast/Documents/NetBeansProjects/NetBeansLab1/application/target/netbeanslab1/platform/core/locale/core-base_ja.jar:/Users/pershapakdast/Documents/NetBeansProjects/NetBeansLab1/application/target/netbeanslab1/platform/core/locale/core-base_pt_BR.jar:/Users/pershapakdast/Documents/NetBeansProjects/NetBeansLab1/application/target/netbeanslab1/platform/core/locale/core-base_ru.jar:/Users/pershapakdast/Documents/NetBeansProjects/NetBeansLab1/application/target/netbeanslab1/platform/core/locale/core-base_zh_CN.jar:/Users/pershapakdast/Documents/NetBeansProjects/NetBeansLab1/application/target/netbeanslab1/platform/core/locale/core_ja.jar:/Users/pershapakdast/Documents/NetBeansProjects/NetBeansLab1/application/target/netbeanslab1/platform/core/locale/core_pt_BR.jar:/Users/pershapakdast/Documents/NetBeansProjects/NetBeansLab1/application/target/netbeanslab1/platform/core/locale/core_ru.jar:/Users/pershapakdast/Documents/NetBeansProjects/NetBeansLab1/application/target/netbeanslab1/platform/core/locale/core_zh_CN.jar:/Users/pershapakdast/Documents/NetBeansProjects/NetBeansLab1/application/target/netbeanslab1/platform/core/locale/org-netbeans-libs-asm_ja.jar:/Users/pershapakdast/Documents/NetBeansProjects/NetBeansLab1/application/target/netbeanslab1/platform/core/locale/org-netbeans-libs-asm_pt_BR.jar:/Users/pershapakdast/Documents/NetBeansProjects/NetBeansLab1/application/target/netbeanslab1/platform/core/locale/org-netbeans-libs-asm_ru.jar:/Users/pershapakdast/Documents/NetBeansProjects/NetBeansLab1/application/target/netbeanslab1/platform/core/locale/org-netbeans-libs-asm_zh_CN.jar:/Users/pershapakdast/Documents/NetBeansProjects/NetBeansLab1/application/target/netbeanslab1/platform/core/locale/org-openide-filesystems_ja.jar:/Users/pershapakdast/Documents/NetBeansProjects/NetBeansLab1/application/target/netbeanslab1/platform/core/locale/org-openide-filesystems_pt_BR.jar:/Users/pershapakdast/Documents/NetBeansProjects/NetBeansLab1/application/target/netbeanslab1/platform/core/locale/org-openide-filesystems_ru.jar:/Users/pershapakdast/Documents/NetBeansProjects/NetBeansLab1/application/target/netbeanslab1/platform/core/locale/org-openide-filesystems_zh_CN.jar
-------------------------------------------------------------------------------
INFO [org.netbeans.core.startup.NbEvents]: Module patch or custom extension: /Users/pershapakdast/Documents/NetBeansProjects/NetBeansLab1/Common/target/classes
INFO [org.netbeans.core.startup.NbEvents]: Module patch or custom extension: /Users/pershapakdast/Documents/NetBeansProjects/NetBeansLab1/Core/target/classes
SEVERE [org.netbeans.core.modules]
com.badlogic.gdx.utils.GdxRuntimeException: Unable to read file for extraction: libgdx64.dylib
	at com.badlogic.gdx.utils.SharedLibraryLoader.readFile(SharedLibraryLoader.java:126)
	at com.badlogic.gdx.utils.SharedLibraryLoader.loadFile(SharedLibraryLoader.java:261)
	at com.badlogic.gdx.utils.SharedLibraryLoader.load(SharedLibraryLoader.java:115)
Caused: com.badlogic.gdx.utils.GdxRuntimeException: Couldn't load shared library 'libgdx64.dylib' for target: Mac OS X, 64-bit
	at com.badlogic.gdx.utils.SharedLibraryLoader.load(SharedLibraryLoader.java:117)
	at com.badlogic.gdx.utils.GdxNativesLoader.load(GdxNativesLoader.java:34)
	at com.badlogic.gdx.backends.lwjgl.LwjglNativesLoader.load(LwjglNativesLoader.java:47)
	at com.badlogic.gdx.backends.lwjgl.LwjglApplication.<init>(LwjglApplication.java:76)
	at com.badlogic.gdx.backends.lwjgl.LwjglApplication.<init>(LwjglApplication.java:64)
	at dk.sdu.mmmi.cbse.main.Installer.restored(Installer.java:24)
	at org.netbeans.core.startup.NbInstaller.loadCode(NbInstaller.java:468)
[catch] at org.netbeans.core.startup.NbInstaller.loadImpl(NbInstaller.java:391)
	at org.netbeans.core.startup.NbInstaller.access$000(NbInstaller.java:102)
	at org.netbeans.core.startup.NbInstaller$1.run(NbInstaller.java:343)
	at org.openide.filesystems.FileUtil$2.run(FileUtil.java:436)
	at org.openide.filesystems.EventControl.runAtomicAction(EventControl.java:127)
	at org.openide.filesystems.FileSystem.runAtomicAction(FileSystem.java:519)
	at org.openide.filesystems.FileUtil.runAtomicAction(FileUtil.java:420)
	at org.openide.filesystems.FileUtil.runAtomicAction(FileUtil.java:440)
	at org.netbeans.core.startup.NbInstaller.load(NbInstaller.java:340)
	at org.netbeans.ModuleManager.enable(ModuleManager.java:1365)
	at org.netbeans.ModuleManager.enable(ModuleManager.java:1170)
	at org.netbeans.core.startup.ModuleList.installNew(ModuleList.java:340)
	at org.netbeans.core.startup.ModuleList.trigger(ModuleList.java:276)
	at org.netbeans.core.startup.ModuleSystem.restore(ModuleSystem.java:301)
	at org.netbeans.core.startup.Main.getModuleSystem(Main.java:181)
	at org.netbeans.core.startup.Main.getModuleSystem(Main.java:150)
	at org.netbeans.core.startup.Main.start(Main.java:307)
	at org.netbeans.core.startup.TopThreadGroup.run(TopThreadGroup.java:123)
	at java.lang.Thread.run(Thread.java:748)
INFO [org.netbeans.core.startup.NbEvents]: Turning on modules:
	org.openide.util.lookup [8.33.1 201609300101]
	org.openide.util [9.7.1 201609300101]
	org.openide.util.ui [9.6.1 201609300101]
	org.openide.modules [7.48.1 201609300101]
	org.openide.filesystems [9.10.1 201609300101]
	org.netbeans.libs.asm [5.3.1 201609300101]
	org.netbeans.core.startup.base [1.62.1.1 1 201609300101]
	org.netbeans.bootstrap/1 [2.76.1 201609300101]
	org.netbeans.core.startup/1 [1.62.1.1 201609300101]
	org.netbeans.api.annotations.common/1 [1.27.1 201609300101]
	dk.sdu.Common [1.0 1.0-20180405 201804050907]
	dk.sdu.Core [1.0 1.0-20180405 201804050907]
